<?xml version="1.0" encoding="UTF-8"?>
<testsuites name="Data Structure Visualizer Tests" tests="0" failures="0" errors="0" time="9.506">
</testsuites>